<?xml version="1.0" encoding="UTF-8"?>
<!-- Generated by org.testng.reporters.JUnitXMLReporter -->
<testsuite ignored="0" hostname="LAPTOP-V21TGFBT" failures="1" tests="1" name="Test1" time="0.011" errors="0" timestamp="2026-04-20T22:34:25 IST">
  <testcase classname="testCases.AccountRegisteration_TC_1" name="Verify_account_registration" time="0.002">
    <failure type="java.lang.AssertionError" message="Test failed: Cannot invoke &amp;quot;org.openqa.selenium.SearchContext.findElement(org.openqa.selenium.By)&amp;quot; because &amp;quot;this.searchContext&amp;quot; is null">
      <![CDATA[java.lang.AssertionError: Test failed: Cannot invoke "org.openqa.selenium.SearchContext.findElement(org.openqa.selenium.By)" because "this.searchContext" is null
at testCases.AccountRegisteration_TC_1.Verify_account_registration(AccountRegisteration_TC_1.java:54)
at java.base/java.util.ArrayList.forEach(ArrayList.java:1511)
... Removed 28 stack frames]]>
    </failure>
  </testcase> <!-- Verify_account_registration -->
</testsuite> <!-- Test1 -->
