<?xml version="1.0" encoding="UTF-8"?>
<!-- Generated by org.testng.reporters.JUnitXMLReporter -->
<testsuite ignored="0" hostname="LAPTOP-V21TGFBT" failures="1" tests="1" name="Test(failed)" time="9.845" errors="0" timestamp="2026-04-19T01:59:43 IST">
  <testcase classname="testCases.AccountRegisteration_TC_1" name="Verify_account_registration" time="7.173">
    <failure type="java.lang.AssertionError" message="expected [Your Account Has Been Created!gh] but found [Your Account Has Been Created!]">
      <![CDATA[java.lang.AssertionError: expected [Your Account Has Been Created!gh] but found [Your Account Has Been Created!]
at testCases.AccountRegisteration_TC_1.Verify_account_registration(AccountRegisteration_TC_1.java:48)
at java.base/java.util.ArrayList.forEach(ArrayList.java:1511)
... Removed 33 stack frames]]>
    </failure>
  </testcase> <!-- Verify_account_registration -->
</testsuite> <!-- Test(failed) -->
