<?xml version="1.0" encoding="UTF-8"?>
<testng-results ignored="0" total="1" passed="1" failed="0" skipped="0">
  <reporter-output>
  </reporter-output>
  <suite started-at="2026-04-21T22:39:16 IST" name="Suite" finished-at="2026-04-21T22:39:22 IST" duration-ms="5594">
    <groups>
      <group name="Master">
        <method signature="LoginTest_TC02.verify_Login()[pri:0, instance:testCases.LoginTest_TC02@65a15628]" name="verify_Login" class="testCases.LoginTest_TC02"/>
      </group> <!-- Master -->
      <group name="Sanity">
        <method signature="LoginTest_TC02.verify_Login()[pri:0, instance:testCases.LoginTest_TC02@65a15628]" name="verify_Login" class="testCases.LoginTest_TC02"/>
      </group> <!-- Sanity -->
      <group name="Regression">
        <method signature="LoginTest_TC02.verify_Login()[pri:0, instance:testCases.LoginTest_TC02@65a15628]" name="verify_Login" class="testCases.LoginTest_TC02"/>
      </group> <!-- Regression -->
    </groups>
    <test started-at="2026-04-21T22:39:16 IST" name="Test" finished-at="2026-04-21T22:39:22 IST" duration-ms="5594">
      <class name="testCases.LoginTest_TC02">
        <test-method is-config="true" signature="LaunchURL(java.lang.String,java.lang.String)[pri:0, instance:testCases.LoginTest_TC02@65a15628]" started-at="2026-04-21T22:39:16 IST" name="LaunchURL" finished-at="2026-04-21T22:39:20 IST" duration-ms="3485" status="PASS">
          <params>
            <param index="0">
              <value>
                <![CDATA[windows]]>
              </value>
            </param>
            <param index="1">
              <value>
                <![CDATA[chrome]]>
              </value>
            </param>
          </params>
          <reporter-output>
          </reporter-output>
        </test-method> <!-- LaunchURL -->
        <test-method signature="verify_Login()[pri:0, instance:testCases.LoginTest_TC02@65a15628]" started-at="2026-04-21T22:39:20 IST" name="verify_Login" finished-at="2026-04-21T22:39:21 IST" duration-ms="1500" status="PASS">
          <reporter-output>
          </reporter-output>
        </test-method> <!-- verify_Login -->
        <test-method is-config="true" signature="BrowserClose()[pri:0, instance:testCases.LoginTest_TC02@65a15628]" started-at="2026-04-21T22:39:21 IST" name="BrowserClose" finished-at="2026-04-21T22:39:22 IST" duration-ms="278" status="PASS">
          <reporter-output>
          </reporter-output>
        </test-method> <!-- BrowserClose -->
      </class> <!-- testCases.LoginTest_TC02 -->
    </test> <!-- Test -->
  </suite> <!-- Suite -->
</testng-results>
